{
  "date": "Tue Jan 30 08:18:30 CET 2018",
  "unlisted": 1,
  "requirements": [
    {
      "name": "CBM65",
      "tests": [
        {
          "name": "2A",
          "stacktrace": "\"org.opentest4j.TestAbortedException: Assumption failed: assumption is not true\\r\\n\\tat org.junit.jupiter.api.Assumptions.throwTestAbortedException(Assumptions.java:245)\\r\\n\\tat org.junit.jupiter.api.Assumptions.assumeTrue(Assumptions.java:120)\\r\\n\\tat org.junit.jupiter.api.Assumptions.assumeTrue(Assumptions.java:69)\\r\\n\\tat org.junit.jupiter.api.Assumptions.assumeTrue(Assumptions.java:59)\\r\\n\\tat nl.ovsoftware.oldenzaal.testprototypes.junit.model.unit.TestClass.testAdd_OnlyOnFriday(TestClass.java:97)\\r\\n\\tat sun.reflect.NativeMethodAccessorImpl.invoke0(Native Method)\\r\\n\\tat sun.reflect.NativeMethodAccessorImpl.invoke(NativeMethodAccessorImpl.java:62)\\r\\n\\tat sun.reflect.DelegatingMethodAccessorImpl.invoke(DelegatingMethodAccessorImpl.java:43)\\r\\n\\tat java.lang.reflect.Method.invoke(Method.java:498)\\r\\n\\tat org.junit.platform.commons.util.ReflectionUtils.invokeMethod(ReflectionUtils.java:389)\\r\\n\\tat org.junit.jupiter.engine.execution.ExecutableInvoker.invoke(ExecutableInvoker.java:115)\\r\\n\\tat org.junit.jupiter.engine.descriptor.TestMethodTestDescriptor.lambda$invokeTestMethod$6(TestMethodTestDescriptor.java:167)\\r\\n\\tat org.junit.jupiter.engine.execution.ThrowableCollector.execute(ThrowableCollector.java:40)\\r\\n\\tat org.junit.jupiter.engine.descriptor.TestMethodTestDescriptor.invokeTestMethod(TestMethodTestDescriptor.java:163)\\r\\n\\tat org.junit.jupiter.engine.descriptor.TestMethodTestDescriptor.execute(TestMethodTestDescriptor.java:110)\\r\\n\\tat org.junit.jupiter.engine.descriptor.TestMethodTestDescriptor.execute(TestMethodTestDescriptor.java:57)\\r\\n\\tat org.junit.platform.engine.support.hierarchical.HierarchicalTestExecutor.lambda$execute$3(HierarchicalTestExecutor.java:83)\\r\\n\\tat org.junit.platform.engine.support.hierarchical.SingleTestExecutor.executeSafely(SingleTestExecutor.java:66)\\r\\n\\tat org.junit.platform.engine.support.hierarchical.HierarchicalTestExecutor.execute(HierarchicalTestExecutor.java:77)\\r\\n\\tat org.junit.platform.engine.support.hierarchical.HierarchicalTestExecutor.lambda$execute$2(HierarchicalTestExecutor.java:92)\\r\\n\\tat java.util.stream.ForEachOps$ForEachOp$OfRef.accept(ForEachOps.java:184)\\r\\n\\tat java.util.stream.ReferencePipeline$2$1.accept(ReferencePipeline.java:175)\\r\\n\\tat java.util.Iterator.forEachRemaining(Iterator.java:116)\\r\\n\\tat java.util.Spliterators$IteratorSpliterator.forEachRemaining(Spliterators.java:1801)\\r\\n\\tat java.util.stream.AbstractPipeline.copyInto(AbstractPipeline.java:481)\\r\\n\\tat java.util.stream.AbstractPipeline.wrapAndCopyInto(AbstractPipeline.java:471)\\r\\n\\tat java.util.stream.ForEachOps$ForEachOp.evaluateSequential(ForEachOps.java:151)\\r\\n\\tat java.util.stream.ForEachOps$ForEachOp$OfRef.evaluateSequential(ForEachOps.java:174)\\r\\n\\tat java.util.stream.AbstractPipeline.evaluate(AbstractPipeline.java:234)\\r\\n\\tat java.util.stream.ReferencePipeline.forEach(ReferencePipeline.java:418)\\r\\n\\tat org.junit.platform.engine.support.hierarchical.HierarchicalTestExecutor.lambda$execute$3(HierarchicalTestExecutor.java:92)\\r\\n\\tat org.junit.platform.engine.support.hierarchical.SingleTestExecutor.executeSafely(SingleTestExecutor.java:66)\\r\\n\\tat org.junit.platform.engine.support.hierarchical.HierarchicalTestExecutor.execute(HierarchicalTestExecutor.java:77)\\r\\n\\tat org.junit.platform.engine.support.hierarchical.HierarchicalTestExecutor.lambda$execute$2(HierarchicalTestExecutor.java:92)\\r\\n\\tat java.util.stream.ForEachOps$ForEachOp$OfRef.accept(ForEachOps.java:184)\\r\\n\\tat java.util.stream.ReferencePipeline$2$1.accept(ReferencePipeline.java:175)\\r\\n\\tat java.util.Iterator.forEachRemaining(Iterator.java:116)\\r\\n\\tat java.util.Spliterators$IteratorSpliterator.forEachRemaining(Spliterators.java:1801)\\r\\n\\tat java.util.stream.AbstractPipeline.copyInto(AbstractPipeline.java:481)\\r\\n\\tat java.util.stream.AbstractPipeline.wrapAndCopyInto(AbstractPipeline.java:471)\\r\\n\\tat java.util.stream.ForEachOps$ForEachOp.evaluateSequential(ForEachOps.java:151)\\r\\n\\tat java.util.stream.ForEachOps$ForEachOp$OfRef.evaluateSequential(ForEachOps.java:174)\\r\\n\\tat java.util.stream.AbstractPipeline.evaluate(AbstractPipeline.java:234)\\r\\n\\tat java.util.stream.ReferencePipeline.forEach(ReferencePipeline.java:418)\\r\\n\\tat org.junit.platform.engine.support.hierarchical.HierarchicalTestExecutor.lambda$execute$3(HierarchicalTestExecutor.java:92)\\r\\n\\tat org.junit.platform.engine.support.hierarchical.SingleTestExecutor.executeSafely(SingleTestExecutor.java:66)\\r\\n\\tat org.junit.platform.engine.support.hierarchical.HierarchicalTestExecutor.execute(HierarchicalTestExecutor.java:77)\\r\\n\\tat org.junit.platform.engine.support.hierarchical.HierarchicalTestExecutor.execute(HierarchicalTestExecutor.java:51)\\r\\n\\tat org.junit.platform.engine.support.hierarchical.HierarchicalTestEngine.execute(HierarchicalTestEngine.java:43)\\r\\n\\tat org.junit.platform.launcher.core.DefaultLauncher.execute(DefaultLauncher.java:170)\\r\\n\\tat org.junit.platform.launcher.core.DefaultLauncher.execute(DefaultLauncher.java:154)\\r\\n\\tat org.junit.platform.launcher.core.DefaultLauncher.execute(DefaultLauncher.java:90)\\r\\n\\tat org.junit.platform.surefire.provider.JUnitPlatformProvider.invokeAllTests(JUnitPlatformProvider.java:129)\\r\\n\\tat org.junit.platform.surefire.provider.JUnitPlatformProvider.invoke(JUnitPlatformProvider.java:109)\\r\\n\\tat org.apache.maven.surefire.booter.ForkedBooter.invokeProviderInSameClassLoader(ForkedBooter.java:290)\\r\\n\\tat org.apache.maven.surefire.booter.ForkedBooter.runSuitesInProcess(ForkedBooter.java:242)\\r\\n\\tat org.apache.maven.surefire.booter.ForkedBooter.main(ForkedBooter.java:121)\\r\\n\""
        },
        {
          "name": "1A",
          "stacktrace": "\"org.opentest4j.TestAbortedException: Assumption failed: assumption is not true\\r\\n\\tat org.junit.jupiter.api.Assumptions.throwTestAbortedException(Assumptions.java:245)\\r\\n\\tat org.junit.jupiter.api.Assumptions.assumeTrue(Assumptions.java:120)\\r\\n\\tat org.junit.jupiter.api.Assumptions.assumeTrue(Assumptions.java:69)\\r\\n\\tat org.junit.jupiter.api.Assumptions.assumeTrue(Assumptions.java:59)\\r\\n\\tat nl.ovsoftware.oldenzaal.testprototypes.junit.model.unit.TestClass.testAdd_OnlyOnFriday(TestClass.java:97)\\r\\n\\tat sun.reflect.NativeMethodAccessorImpl.invoke0(Native Method)\\r\\n\\tat sun.reflect.NativeMethodAccessorImpl.invoke(NativeMethodAccessorImpl.java:62)\\r\\n\\tat sun.reflect.DelegatingMethodAccessorImpl.invoke(DelegatingMethodAccessorImpl.java:43)\\r\\n\\tat java.lang.reflect.Method.invoke(Method.java:498)\\r\\n\\tat org.junit.platform.commons.util.ReflectionUtils.invokeMethod(ReflectionUtils.java:389)\\r\\n\\tat org.junit.jupiter.engine.execution.ExecutableInvoker.invoke(ExecutableInvoker.java:115)\\r\\n\\tat org.junit.jupiter.engine.descriptor.TestMethodTestDescriptor.lambda$invokeTestMethod$6(TestMethodTestDescriptor.java:167)\\r\\n\\tat org.junit.jupiter.engine.execution.ThrowableCollector.execute(ThrowableCollector.java:40)\\r\\n\\tat org.junit.jupiter.engine.descriptor.TestMethodTestDescriptor.invokeTestMethod(TestMethodTestDescriptor.java:163)\\r\\n\\tat org.junit.jupiter.engine.descriptor.TestMethodTestDescriptor.execute(TestMethodTestDescriptor.java:110)\\r\\n\\tat org.junit.jupiter.engine.descriptor.TestMethodTestDescriptor.execute(TestMethodTestDescriptor.java:57)\\r\\n\\tat org.junit.platform.engine.support.hierarchical.HierarchicalTestExecutor.lambda$execute$3(HierarchicalTestExecutor.java:83)\\r\\n\\tat org.junit.platform.engine.support.hierarchical.SingleTestExecutor.executeSafely(SingleTestExecutor.java:66)\\r\\n\\tat org.junit.platform.engine.support.hierarchical.HierarchicalTestExecutor.execute(HierarchicalTestExecutor.java:77)\\r\\n\\tat org.junit.platform.engine.support.hierarchical.HierarchicalTestExecutor.lambda$execute$2(HierarchicalTestExecutor.java:92)\\r\\n\\tat java.util.stream.ForEachOps$ForEachOp$OfRef.accept(ForEachOps.java:184)\\r\\n\\tat java.util.stream.ReferencePipeline$2$1.accept(ReferencePipeline.java:175)\\r\\n\\tat java.util.Iterator.forEachRemaining(Iterator.java:116)\\r\\n\\tat java.util.Spliterators$IteratorSpliterator.forEachRemaining(Spliterators.java:1801)\\r\\n\\tat java.util.stream.AbstractPipeline.copyInto(AbstractPipeline.java:481)\\r\\n\\tat java.util.stream.AbstractPipeline.wrapAndCopyInto(AbstractPipeline.java:471)\\r\\n\\tat java.util.stream.ForEachOps$ForEachOp.evaluateSequential(ForEachOps.java:151)\\r\\n\\tat java.util.stream.ForEachOps$ForEachOp$OfRef.evaluateSequential(ForEachOps.java:174)\\r\\n\\tat java.util.stream.AbstractPipeline.evaluate(AbstractPipeline.java:234)\\r\\n\\tat java.util.stream.ReferencePipeline.forEach(ReferencePipeline.java:418)\\r\\n\\tat org.junit.platform.engine.support.hierarchical.HierarchicalTestExecutor.lambda$execute$3(HierarchicalTestExecutor.java:92)\\r\\n\\tat org.junit.platform.engine.support.hierarchical.SingleTestExecutor.executeSafely(SingleTestExecutor.java:66)\\r\\n\\tat org.junit.platform.engine.support.hierarchical.HierarchicalTestExecutor.execute(HierarchicalTestExecutor.java:77)\\r\\n\\tat org.junit.platform.engine.support.hierarchical.HierarchicalTestExecutor.lambda$execute$2(HierarchicalTestExecutor.java:92)\\r\\n\\tat java.util.stream.ForEachOps$ForEachOp$OfRef.accept(ForEachOps.java:184)\\r\\n\\tat java.util.stream.ReferencePipeline$2$1.accept(ReferencePipeline.java:175)\\r\\n\\tat java.util.Iterator.forEachRemaining(Iterator.java:116)\\r\\n\\tat java.util.Spliterators$IteratorSpliterator.forEachRemaining(Spliterators.java:1801)\\r\\n\\tat java.util.stream.AbstractPipeline.copyInto(AbstractPipeline.java:481)\\r\\n\\tat java.util.stream.AbstractPipeline.wrapAndCopyInto(AbstractPipeline.java:471)\\r\\n\\tat java.util.stream.ForEachOps$ForEachOp.evaluateSequential(ForEachOps.java:151)\\r\\n\\tat java.util.stream.ForEachOps$ForEachOp$OfRef.evaluateSequential(ForEachOps.java:174)\\r\\n\\tat java.util.stream.AbstractPipeline.evaluate(AbstractPipeline.java:234)\\r\\n\\tat java.util.stream.ReferencePipeline.forEach(ReferencePipeline.java:418)\\r\\n\\tat org.junit.platform.engine.support.hierarchical.HierarchicalTestExecutor.lambda$execute$3(HierarchicalTestExecutor.java:92)\\r\\n\\tat org.junit.platform.engine.support.hierarchical.SingleTestExecutor.executeSafely(SingleTestExecutor.java:66)\\r\\n\\tat org.junit.platform.engine.support.hierarchical.HierarchicalTestExecutor.execute(HierarchicalTestExecutor.java:77)\\r\\n\\tat org.junit.platform.engine.support.hierarchical.HierarchicalTestExecutor.execute(HierarchicalTestExecutor.java:51)\\r\\n\\tat org.junit.platform.engine.support.hierarchical.HierarchicalTestEngine.execute(HierarchicalTestEngine.java:43)\\r\\n\\tat org.junit.platform.launcher.core.DefaultLauncher.execute(DefaultLauncher.java:170)\\r\\n\\tat org.junit.platform.launcher.core.DefaultLauncher.execute(DefaultLauncher.java:154)\\r\\n\\tat org.junit.platform.launcher.core.DefaultLauncher.execute(DefaultLauncher.java:90)\\r\\n\\tat org.junit.platform.surefire.provider.JUnitPlatformProvider.invokeAllTests(JUnitPlatformProvider.java:129)\\r\\n\\tat org.junit.platform.surefire.provider.JUnitPlatformProvider.invoke(JUnitPlatformProvider.java:109)\\r\\n\\tat org.apache.maven.surefire.booter.ForkedBooter.invokeProviderInSameClassLoader(ForkedBooter.java:290)\\r\\n\\tat org.apache.maven.surefire.booter.ForkedBooter.runSuitesInProcess(ForkedBooter.java:242)\\r\\n\\tat org.apache.maven.surefire.booter.ForkedBooter.main(ForkedBooter.java:121)\\r\\n\""
        }
      ]
    }
  ]
}